[INFO  - 2018-06-02T06:23:01.729Z] GhostDriver - Main - running on port 51525
[INFO  - 2018-06-02T06:23:02.550Z] Session [672e2900-662d-11e8-874b-3133effae113] - page.settings - {"XSSAuditingEnabled":false,"javascriptCanCloseWindows":true,"javascriptCanOpenWindows":true,"javascriptEnabled":true,"loadImages":true,"localToRemoteUrlAccessEnabled":false,"userAgent":"Mozilla/5.0 (Macintosh; Intel Mac OS X) AppleWebKit/538.1 (KHTML, like Gecko) PhantomJS/2.1.1 Safari/538.1","webSecurityEnabled":true}
[INFO  - 2018-06-02T06:23:02.550Z] Session [672e2900-662d-11e8-874b-3133effae113] - page.customHeaders:  - {}
[INFO  - 2018-06-02T06:23:02.550Z] Session [672e2900-662d-11e8-874b-3133effae113] - Session.negotiatedCapabilities - {"browserName":"phantomjs","version":"2.1.1","driverName":"ghostdriver","driverVersion":"1.2.0","platform":"mac-unknown-64bit","javascriptEnabled":true,"takesScreenshot":true,"handlesAlerts":false,"databaseEnabled":false,"locationContextEnabled":false,"applicationCacheEnabled":false,"browserConnectionEnabled":false,"cssSelectorsEnabled":true,"webStorageEnabled":false,"rotatable":false,"acceptSslCerts":false,"nativeEvents":true,"proxy":{"proxyType":"direct"}}
[INFO  - 2018-06-02T06:23:02.550Z] SessionManagerReqHand - _postNewSessionCommand - New Session Created: 672e2900-662d-11e8-874b-3133effae113
[ERROR - 2018-06-02T06:23:05.279Z] Session [672e2900-662d-11e8-874b-3133effae113] - page.onError - msg: Error: 当前浏览器不支持Promise，请在windows对象上挂载Promise对象可参考（http://gitlab.alibaba-inc.com/mtb/lib-es6polyfill/tree/master）中的解决方案

  phantomjs://platform/console++.js:263 in error
[ERROR - 2018-06-02T06:23:05.279Z] Session [672e2900-662d-11e8-874b-3133effae113] - page.onError - stack:
  (anonymous function) (https://i.alicdn.com/aew-channel-ui/1.0.0/weex/mtop/mtop-2.3.16.js:1)

  phantomjs://platform/console++.js:263 in error
[ERROR - 2018-06-02T06:23:14.726Z] Session [672e2900-662d-11e8-874b-3133effae113] - page.onError - msg: Error: 当前浏览器不支持Promise，请在windows对象上挂载Promise对象可参考（http://gitlab.alibaba-inc.com/mtb/lib-es6polyfill/tree/master）中的解决方案

  phantomjs://platform/console++.js:263 in error
[ERROR - 2018-06-02T06:23:14.726Z] Session [672e2900-662d-11e8-874b-3133effae113] - page.onError - stack:
  (anonymous function) (https://i.alicdn.com/aew-channel-ui/1.0.0/weex/mtop/mtop-2.3.16.js:1)

  phantomjs://platform/console++.js:263 in error
[ERROR - 2018-06-02T06:23:15.286Z] Session [672e2900-662d-11e8-874b-3133effae113] - page.onError - msg: TypeError: undefined is not an object (evaluating 'window.lib.mtop.config.prefix="acs"')

  phantomjs://platform/console++.js:263 in error
[ERROR - 2018-06-02T06:23:15.286Z] Session [672e2900-662d-11e8-874b-3133effae113] - page.onError - stack:
  (anonymous function) (https://i.alicdn.com/ae-header/20180518145828/buyer/front/ae-header.js:12)

  phantomjs://platform/console++.js:263 in error
